<?xml version="1.0" encoding="UTF-8"?>
<coverage generated="1666204994385" clover="3.2.0">
  <project timestamp="1666204994385" name="All files">
    <metrics statements="23" coveredstatements="9" conditionals="6" coveredconditionals="1" methods="4" coveredmethods="2" elements="33" coveredelements="12" complexity="0" loc="23" ncloc="23" packages="2" files="2" classes="2"/>
    <package name="components">
      <metrics statements="16" coveredstatements="2" conditionals="6" coveredconditionals="1" methods="3" coveredmethods="1"/>
      <file name="component.ts" path="C:\Users\Acc1\Desktop\ISDI\Bootcamp\mascotas\src\components\component.ts">
        <metrics statements="16" coveredstatements="2" conditionals="6" coveredconditionals="1" methods="3" coveredmethods="1"/>
        <line num="1" count="1" type="stmt"/>
        <line num="3" count="1" type="cond" truecount="1" falsecount="0"/>
        <line num="4" count="0" type="stmt"/>
        <line num="5" count="0" type="cond" truecount="0" falsecount="1"/>
        <line num="6" count="0" type="stmt"/>
        <line num="7" count="0" type="stmt"/>
        <line num="11" count="0" type="cond" truecount="0" falsecount="1"/>
        <line num="12" count="0" type="stmt"/>
        <line num="13" count="0" type="cond" truecount="0" falsecount="1"/>
        <line num="14" count="0" type="stmt"/>
        <line num="15" count="0" type="stmt"/>
        <line num="19" count="0" type="cond" truecount="0" falsecount="1"/>
        <line num="20" count="0" type="stmt"/>
        <line num="21" count="0" type="cond" truecount="0" falsecount="1"/>
        <line num="22" count="0" type="stmt"/>
        <line num="23" count="0" type="stmt"/>
      </file>
    </package>
    <package name="models">
      <metrics statements="7" coveredstatements="7" conditionals="0" coveredconditionals="0" methods="1" coveredmethods="1"/>
      <file name="pet.ts" path="C:\Users\Acc1\Desktop\ISDI\Bootcamp\mascotas\src\models\pet.ts">
        <metrics statements="7" coveredstatements="7" conditionals="0" coveredconditionals="0" methods="1" coveredmethods="1"/>
        <line num="1" count="1" type="stmt"/>
        <line num="6" count="1" type="stmt"/>
        <line num="10" count="1" type="stmt"/>
        <line num="11" count="1" type="stmt"/>
        <line num="12" count="1" type="stmt"/>
        <line num="14" count="1" type="stmt"/>
        <line num="18" count="1" type="stmt"/>
      </file>
    </package>
  </project>
</coverage>
