{"C:\\Users\\Acc1\\Desktop\\ISDI\\Bootcamp\\mascotas\\src\\models\\pet.ts": {"path":"C:\\Users\\Acc1\\Desktop\\ISDI\\Bootcamp\\mascotas\\src\\models\\pet.ts","statementMap":{"0":{"start":{"line":12,"column":15},"end":{"line":12,"column":30}},"1":{"start":{"line":13,"column":15},"end":{"line":13,"column":28}},"2":{"start":{"line":14,"column":15},"end":{"line":14,"column":28}},"3":{"start":{"line":16,"column":8},"end":{"line":16,"column":33}},"4":{"start":{"line":17,"column":8},"end":{"line":17,"column":31}},"5":{"start":{"line":18,"column":8},"end":{"line":18,"column":27}},"6":{"start":{"line":19,"column":8},"end":{"line":19,"column":27}},"7":{"start":{"line":8,"column":8},"end":{"line":8,"column":53}},"8":{"start":{"line":1,"column":0},"end":{"line":1,"column":13}}},"fnMap":{"0":{"name":"(anonymous_0)","decl":{"start":{"line":11,"column":4},"end":{"line":11,"column":null}},"loc":{"start":{"line":14,"column":28},"end":{"line":20,"column":5}}},"1":{"name":"(anonymous_1)","decl":{"start":{"line":7,"column":4},"end":{"line":7,"column":10}},"loc":{"start":{"line":7,"column":19},"end":{"line":9,"column":5}}}},"branchMap":{},"s":{"0":1,"1":1,"2":1,"3":1,"4":1,"5":1,"6":1,"7":1,"8":1},"f":{"0":1,"1":1},"b":{}}
}
