{"C:\\Users\\Acc1\\Desktop\\ISDI\\Bootcamp\\mascotas\\src\\components\\component.ts": {"path":"C:\\Users\\Acc1\\Desktop\\ISDI\\Bootcamp\\mascotas\\src\\components\\component.ts","statementMap":{"0":{"start":{"line":3,"column":8},"end":{"line":3,"column":36}},"1":{"start":{"line":3,"column":23},"end":{"line":3,"column":36}},"2":{"start":{"line":4,"column":24},"end":{"line":4,"column":56}},"3":{"start":{"line":5,"column":8},"end":{"line":5,"column":43}},"4":{"start":{"line":5,"column":30},"end":{"line":5,"column":43}},"5":{"start":{"line":6,"column":8},"end":{"line":6,"column":37}},"6":{"start":{"line":7,"column":8},"end":{"line":7,"column":20}},"7":{"start":{"line":11,"column":8},"end":{"line":11,"column":36}},"8":{"start":{"line":11,"column":23},"end":{"line":11,"column":36}},"9":{"start":{"line":12,"column":24},"end":{"line":12,"column":56}},"10":{"start":{"line":13,"column":8},"end":{"line":13,"column":43}},"11":{"start":{"line":13,"column":30},"end":{"line":13,"column":43}},"12":{"start":{"line":14,"column":8},"end":{"line":14,"column":38}},"13":{"start":{"line":15,"column":8},"end":{"line":15,"column":20}},"14":{"start":{"line":19,"column":8},"end":{"line":19,"column":36}},"15":{"start":{"line":19,"column":23},"end":{"line":19,"column":36}},"16":{"start":{"line":20,"column":24},"end":{"line":20,"column":56}},"17":{"start":{"line":21,"column":8},"end":{"line":21,"column":43}},"18":{"start":{"line":21,"column":30},"end":{"line":21,"column":43}},"19":{"start":{"line":22,"column":8},"end":{"line":22,"column":37}},"20":{"start":{"line":23,"column":8},"end":{"line":23,"column":20}},"21":{"start":{"line":1,"column":0},"end":{"line":1,"column":13}}},"fnMap":{"0":{"name":"(anonymous_0)","decl":{"start":{"line":2,"column":4},"end":{"line":2,"column":10}},"loc":{"start":{"line":2,"column":45},"end":{"line":8,"column":5}}},"1":{"name":"(anonymous_1)","decl":{"start":{"line":10,"column":4},"end":{"line":10,"column":13}},"loc":{"start":{"line":10,"column":48},"end":{"line":16,"column":5}}},"2":{"name":"(anonymous_2)","decl":{"start":{"line":18,"column":4},"end":{"line":18,"column":15}},"loc":{"start":{"line":18,"column":50},"end":{"line":24,"column":5}}}},"branchMap":{"0":{"loc":{"start":{"line":3,"column":8},"end":{"line":3,"column":36}},"type":"if","locations":[{"start":{"line":3,"column":8},"end":{"line":3,"column":36}}]},"1":{"loc":{"start":{"line":5,"column":8},"end":{"line":5,"column":43}},"type":"if","locations":[{"start":{"line":5,"column":8},"end":{"line":5,"column":43}}]},"2":{"loc":{"start":{"line":11,"column":8},"end":{"line":11,"column":36}},"type":"if","locations":[{"start":{"line":11,"column":8},"end":{"line":11,"column":36}}]},"3":{"loc":{"start":{"line":13,"column":8},"end":{"line":13,"column":43}},"type":"if","locations":[{"start":{"line":13,"column":8},"end":{"line":13,"column":43}}]},"4":{"loc":{"start":{"line":19,"column":8},"end":{"line":19,"column":36}},"type":"if","locations":[{"start":{"line":19,"column":8},"end":{"line":19,"column":36}}]},"5":{"loc":{"start":{"line":21,"column":8},"end":{"line":21,"column":43}},"type":"if","locations":[{"start":{"line":21,"column":8},"end":{"line":21,"column":43}}]}},"s":{"0":1,"1":1,"2":0,"3":0,"4":0,"5":0,"6":0,"7":0,"8":0,"9":0,"10":0,"11":0,"12":0,"13":0,"14":0,"15":0,"16":0,"17":0,"18":0,"19":0,"20":0,"21":1},"f":{"0":1,"1":0,"2":0},"b":{"0":[1],"1":[0],"2":[0],"3":[0],"4":[0],"5":[0]}}
,"C:\\Users\\Acc1\\Desktop\\ISDI\\Bootcamp\\mascotas\\src\\models\\pet.ts": {"path":"C:\\Users\\Acc1\\Desktop\\ISDI\\Bootcamp\\mascotas\\src\\models\\pet.ts","statementMap":{"0":{"start":{"line":10,"column":15},"end":{"line":10,"column":30}},"1":{"start":{"line":11,"column":15},"end":{"line":11,"column":28}},"2":{"start":{"line":12,"column":15},"end":{"line":12,"column":28}},"3":{"start":{"line":14,"column":8},"end":{"line":14,"column":33}},"4":{"start":{"line":18,"column":8},"end":{"line":18,"column":31}},"5":{"start":{"line":6,"column":8},"end":{"line":6,"column":53}},"6":{"start":{"line":1,"column":0},"end":{"line":1,"column":13}}},"fnMap":{"0":{"name":"(anonymous_1)","decl":{"start":{"line":5,"column":4},"end":{"line":5,"column":10}},"loc":{"start":{"line":5,"column":19},"end":{"line":7,"column":5}}}},"branchMap":{},"s":{"0":1,"1":1,"2":1,"3":1,"4":1,"5":1,"6":1},"f":{"0":1},"b":{}}
}
